<?xml version="1.0" encoding="UTF-8"?>
<testng-results ignored="0" total="1" passed="1" failed="0" skipped="0">
  <reporter-output>
  </reporter-output>
  <suite started-at="2023-05-29T11:25:01 EDT" name="Default suite" finished-at="2023-05-29T11:25:06 EDT" duration-ms="4107">
    <groups>
    </groups>
    <test started-at="2023-05-29T11:25:01 EDT" name="Default test" finished-at="2023-05-29T11:25:06 EDT" duration-ms="4107">
      <class name="firstScripts.TestOne">
        <test-method signature="test1()[pri:0, instance:firstScripts.TestOne@6ca8564a]" started-at="2023-05-29T11:25:02 EDT" name="test1" finished-at="2023-05-29T11:25:06 EDT" duration-ms="3980" status="PASS">
          <reporter-output>
          </reporter-output>
        </test-method> <!-- test1 -->
      </class> <!-- firstScripts.TestOne -->
    </test> <!-- Default test -->
  </suite> <!-- Default suite -->
</testng-results>
